mode: set
github.com/Sreevani871/priorityQ/impheap/heapimp.go:19.42,24.53 4 1
github.com/Sreevani871/priorityQ/impheap/heapimp.go:29.2,29.62 1 1
github.com/Sreevani871/priorityQ/impheap/heapimp.go:32.2,32.19 1 1
github.com/Sreevani871/priorityQ/impheap/heapimp.go:24.53,26.3 1 1
github.com/Sreevani871/priorityQ/impheap/heapimp.go:26.3,28.3 1 1
github.com/Sreevani871/priorityQ/impheap/heapimp.go:29.62,31.3 1 1
github.com/Sreevani871/priorityQ/impheap/heapimp.go:32.19,35.3 2 1
github.com/Sreevani871/priorityQ/impheap/heapimp.go:40.30,42.2 1 0
github.com/Sreevani871/priorityQ/impheap/heapimp.go:46.30,47.19 1 1
github.com/Sreevani871/priorityQ/impheap/heapimp.go:51.2,58.12 6 1
github.com/Sreevani871/priorityQ/impheap/heapimp.go:47.19,50.3 2 1
github.com/Sreevani871/priorityQ/impheap/heapimp.go:63.51,65.12 1 1
github.com/Sreevani871/priorityQ/impheap/heapimp.go:72.2,72.49 1 1
github.com/Sreevani871/priorityQ/impheap/heapimp.go:76.2,76.12 1 1
github.com/Sreevani871/priorityQ/impheap/heapimp.go:65.12,67.3 1 1
github.com/Sreevani871/priorityQ/impheap/heapimp.go:67.3,70.3 1 1
github.com/Sreevani871/priorityQ/impheap/heapimp.go:72.49,75.3 2 1
github.com/Sreevani871/priorityQ/impheap/heapimp.go:82.37,83.19 1 1
github.com/Sreevani871/priorityQ/impheap/heapimp.go:87.2,87.17 1 1
github.com/Sreevani871/priorityQ/impheap/heapimp.go:83.19,86.3 2 1
github.com/Sreevani871/priorityQ/impheap/heapimp.go:87.17,91.3 2 1
github.com/Sreevani871/priorityQ/impheap/heapimp.go:91.3,93.3 1 0
github.com/Sreevani871/priorityQ/impheap/heapimp.go:98.31,100.2 1 1
github.com/Sreevani871/priorityQ/impheap/heapimp.go:104.30,107.2 2 1
github.com/Sreevani871/priorityQ/impheap/heapimp.go:111.33,129.18 13 1
github.com/Sreevani871/priorityQ/impheap/heapimp.go:144.2,147.27 3 1
github.com/Sreevani871/priorityQ/impheap/heapimp.go:129.18,131.46 1 1
github.com/Sreevani871/priorityQ/impheap/heapimp.go:131.46,136.4 3 1
github.com/Sreevani871/priorityQ/impheap/heapimp.go:136.4,141.4 3 1
github.com/Sreevani871/priorityQ/impheap/heapimp.go:152.18,155.2 1 1
github.com/Sreevani871/priorityQ/impheap/heapimp.go:159.32,161.2 1 1
